Thu May 12 20:13:02 HSP 2022: 
 sudoku.c | 51 +++++++++++++++++++++++++++++++++++++++++++++++++--
 1 file changed, 49 insertions(+), 2 deletions(-)
test.c:7:8: error: '_strdup' redeclared without dllimport attribute: previous dllimport ignored [-Werror=attributes]
    7 | char * _strdup(const char * str) {
      |        ^~~~~~~
In file included from test.c:5:
test.c: In function 'is_valid':
sudoku.c:55:23: error: 'k' may be used uninitialized in this function [-Werror=maybe-uninitialized]
   55 |           else if(fila[k]==n->sudo[i][j]) return 0;
      |                       ^
sudoku.c:55:23: error: 'fila' may be used uninitialized in this function [-Werror=maybe-uninitialized]
cc1.exe: all warnings being treated as errors
Compilation failed
5b44610
Thu May 12 20:14:10 HSP 2022: 
 sudoku.c | 2 +-
 1 file changed, 1 insertion(+), 1 deletion(-)
test.c:7:8: error: '_strdup' redeclared without dllimport attribute: previous dllimport ignored [-Werror=attributes]
    7 | char * _strdup(const char * str) {
      |        ^~~~~~~
In file included from test.c:5:
test.c: In function 'is_valid':
sudoku.c:55:23: error: 'k' may be used uninitialized in this function [-Werror=maybe-uninitialized]
   55 |           else if(fila[k]==n->sudo[i][j]) return 0;
      |                       ^
sudoku.c:55:23: error: 'fila' may be used uninitialized in this function [-Werror=maybe-uninitialized]
cc1.exe: all warnings being treated as errors
Compilation failed
4d2f865
Thu May 12 20:14:21 HSP 2022: 
test.c:7:8: error: '_strdup' redeclared without dllimport attribute: previous dllimport ignored [-Werror=attributes]
    7 | char * _strdup(const char * str) {
      |        ^~~~~~~
In file included from test.c:5:
test.c: In function 'is_valid':
sudoku.c:55:23: error: 'k' may be used uninitialized in this function [-Werror=maybe-uninitialized]
   55 |           else if(fila[k]==n->sudo[i][j]) return 0;
      |                       ^
sudoku.c:55:23: error: 'fila' may be used uninitialized in this function [-Werror=maybe-uninitialized]
cc1.exe: all warnings being treated as errors
Compilation failed
116577e
Thu May 12 20:14:58 HSP 2022: 
 sudoku.c | 2 +-
 1 file changed, 1 insertion(+), 1 deletion(-)
test.c:7:8: error: '_strdup' redeclared without dllimport attribute: previous dllimport ignored [-Werror=attributes]
    7 | char * _strdup(const char * str) {
      |        ^~~~~~~
In file included from test.c:5:
test.c: In function 'is_valid':
sudoku.c:55:23: error: 'fila' may be used uninitialized in this function [-Werror=maybe-uninitialized]
   55 |           else if(fila[n->sudo[i][j]]==n->sudo[i][j]) return 0;
      |                       ^
cc1.exe: all warnings being treated as errors
Compilation failed
ca31cb9
Thu May 12 20:16:00 HSP 2022: 
 sudoku.c | 2 +-
 1 file changed, 1 insertion(+), 1 deletion(-)
test.c:7:8: error: '_strdup' redeclared without dllimport attribute: previous dllimport ignored [-Werror=attributes]
    7 | char * _strdup(const char * str) {
      |        ^~~~~~~
cc1.exe: all warnings being treated as errors
Compilation failed
d43b5e4
Thu May 12 20:26:16 HSP 2022: 
test.c:8:40: error: 'str' undeclared here (not in a function)
    8 |     char * aux = (char *)malloc(strlen(str) + 1);
      |                                        ^~~
test.c:9:5: error: data definition has no type or storage class [-Werror]
    9 |     strcpy(aux, str);
      |     ^~~~~~
test.c:9:5: error: type defaults to 'int' in declaration of 'strcpy' [-Werror=implicit-int]
test.c:9:5: error: parameter names (without types) in function declaration [-Werror]
test.c:9:5: error: conflicting types for 'strcpy'
In file included from test.c:3:
c:\mingw\x86_64-w64-mingw32\include\string.h:61:18: note: previous declaration of 'strcpy' was here
   61 |   char * __cdecl strcpy(char * __restrict__ _Dest,const char * __restrict__ _Source);
      |                  ^~~~~~
test.c:10:5: error: expected identifier or '(' before 'return'
   10 |     return aux;
      |     ^~~~~~
test.c:11:1: error: expected identifier or '(' before '}' token
   11 | }
      | ^
cc1.exe: all warnings being treated as errors
Compilation failed
69dc602
Thu May 12 20:26:47 HSP 2022: 
test.c:8:40: error: 'str' undeclared here (not in a function)
    8 |     char * aux = (char *)malloc(strlen(str) + 1);
      |                                        ^~~
test.c:9:5: error: data definition has no type or storage class [-Werror]
    9 |     strcpy(aux, str);
      |     ^~~~~~
test.c:9:5: error: type defaults to 'int' in declaration of 'strcpy' [-Werror=implicit-int]
test.c:9:5: error: parameter names (without types) in function declaration [-Werror]
test.c:9:5: error: conflicting types for 'strcpy'
In file included from test.c:3:
c:\mingw\x86_64-w64-mingw32\include\string.h:61:18: note: previous declaration of 'strcpy' was here
   61 |   char * __cdecl strcpy(char * __restrict__ _Dest,const char * __restrict__ _Source);
      |                  ^~~~~~
test.c:10:5: error: expected identifier or '(' before 'return'
   10 |     return aux;
      |     ^~~~~~
test.c:11:1: error: expected identifier or '(' before '}' token
   11 | }
      | ^
cc1.exe: all warnings being treated as errors
Compilation failed
23cc8bb
Thu May 12 20:27:10 HSP 2022: 
test.c:8:40: error: 'str' undeclared here (not in a function)
    8 |     char * aux = (char *)malloc(strlen(str) + 1);
      |                                        ^~~
test.c:9:5: error: data definition has no type or storage class [-Werror]
    9 |     strcpy(aux, str);
      |     ^~~~~~
test.c:9:5: error: type defaults to 'int' in declaration of 'strcpy' [-Werror=implicit-int]
test.c:9:5: error: parameter names (without types) in function declaration [-Werror]
test.c:9:5: error: conflicting types for 'strcpy'
In file included from test.c:3:
c:\mingw\x86_64-w64-mingw32\include\string.h:61:18: note: previous declaration of 'strcpy' was here
   61 |   char * __cdecl strcpy(char * __restrict__ _Dest,const char * __restrict__ _Source);
      |                  ^~~~~~
test.c:10:5: error: expected identifier or '(' before 'return'
   10 |     return aux;
      |     ^~~~~~
test.c:11:1: error: expected identifier or '(' before '}' token
   11 | }
      | ^
cc1.exe: all warnings being treated as errors
Compilation failed
db0559e
Thu May 12 20:27:54 HSP 2022: 
test.c:8:40: error: 'str' undeclared here (not in a function)
    8 |     char * aux = (char *)malloc(strlen(str) + 1);
      |                                        ^~~
test.c:9:5: error: data definition has no type or storage class [-Werror]
    9 |     strcpy(aux, str);
      |     ^~~~~~
test.c:9:5: error: type defaults to 'int' in declaration of 'strcpy' [-Werror=implicit-int]
test.c:9:5: error: parameter names (without types) in function declaration [-Werror]
test.c:9:5: error: conflicting types for 'strcpy'
In file included from test.c:3:
c:\mingw\x86_64-w64-mingw32\include\string.h:61:18: note: previous declaration of 'strcpy' was here
   61 |   char * __cdecl strcpy(char * __restrict__ _Dest,const char * __restrict__ _Source);
      |                  ^~~~~~
test.c:10:5: error: expected identifier or '(' before 'return'
   10 |     return aux;
      |     ^~~~~~
test.c:11:1: error: expected identifier or '(' before '}' token
   11 | }
      | ^
cc1.exe: all warnings being treated as errors
Compilation failed
490431c
Thu May 12 20:28:31 HSP 2022: 
test.c:8:40: error: 'str' undeclared here (not in a function)
    8 |     char * aux = (char *)malloc(strlen(str) + 1);
      |                                        ^~~
test.c:9:5: error: data definition has no type or storage class [-Werror]
    9 |     strcpy(aux, str);
      |     ^~~~~~
test.c:9:5: error: type defaults to 'int' in declaration of 'strcpy' [-Werror=implicit-int]
test.c:9:5: error: parameter names (without types) in function declaration [-Werror]
test.c:9:5: error: conflicting types for 'strcpy'
In file included from test.c:3:
c:\mingw\x86_64-w64-mingw32\include\string.h:61:18: note: previous declaration of 'strcpy' was here
   61 |   char * __cdecl strcpy(char * __restrict__ _Dest,const char * __restrict__ _Source);
      |                  ^~~~~~
test.c:10:5: error: expected identifier or '(' before 'return'
   10 |     return aux;
      |     ^~~~~~
test.c:11:1: error: expected identifier or '(' before '}' token
   11 | }
      | ^
cc1.exe: all warnings being treated as errors
Compilation failed
c1b33cd
Thu May 12 20:28:33 HSP 2022: 
test.c:8:40: error: 'str' undeclared here (not in a function)
    8 |     char * aux = (char *)malloc(strlen(str) + 1);
      |                                        ^~~
test.c:9:5: error: data definition has no type or storage class [-Werror]
    9 |     strcpy(aux, str);
      |     ^~~~~~
test.c:9:5: error: type defaults to 'int' in declaration of 'strcpy' [-Werror=implicit-int]
test.c:9:5: error: parameter names (without types) in function declaration [-Werror]
test.c:9:5: error: conflicting types for 'strcpy'
In file included from test.c:3:
c:\mingw\x86_64-w64-mingw32\include\string.h:61:18: note: previous declaration of 'strcpy' was here
   61 |   char * __cdecl strcpy(char * __restrict__ _Dest,const char * __restrict__ _Source);
      |                  ^~~~~~
test.c:10:5: error: expected identifier or '(' before 'return'
   10 |     return aux;
      |     ^~~~~~
test.c:11:1: error: expected identifier or '(' before '}' token
   11 | }
      | ^
cc1.exe: all warnings being treated as errors
Compilation failed
33b93c0
Thu May 12 20:28:34 HSP 2022: 
test.c:8:40: error: 'str' undeclared here (not in a function)
    8 |     char * aux = (char *)malloc(strlen(str) + 1);
      |                                        ^~~
test.c:9:5: error: data definition has no type or storage class [-Werror]
    9 |     strcpy(aux, str);
      |     ^~~~~~
test.c:9:5: error: type defaults to 'int' in declaration of 'strcpy' [-Werror=implicit-int]
test.c:9:5: error: parameter names (without types) in function declaration [-Werror]
test.c:9:5: error: conflicting types for 'strcpy'
In file included from test.c:3:
c:\mingw\x86_64-w64-mingw32\include\string.h:61:18: note: previous declaration of 'strcpy' was here
   61 |   char * __cdecl strcpy(char * __restrict__ _Dest,const char * __restrict__ _Source);
      |                  ^~~~~~
test.c:10:5: error: expected identifier or '(' before 'return'
   10 |     return aux;
      |     ^~~~~~
test.c:11:1: error: expected identifier or '(' before '}' token
   11 | }
      | ^
cc1.exe: all warnings being treated as errors
Compilation failed
d7a2b7e
Thu May 12 20:29:33 HSP 2022: 
test.c:7:8: error: '_strdup' redeclared without dllimport attribute: previous dllimport ignored [-Werror=attributes]
    7 | char * _strdup(const char * str) {
      |        ^~~~~~~
cc1.exe: all warnings being treated as errors
Compilation failed
0241a80
Thu May 12 20:30:34 HSP 2022: 
 tests:  0|5
total_score: 0/70
990ce9f
Fri May 13 00:56:28 HSP 2022: 
 sudoku.c | 3 ++-
 1 file changed, 2 insertions(+), 1 deletion(-)
In file included from test.c:5:
sudoku.c: In function 'is_valid':
sudoku.c:56:46: error: expected ')' before ']' token
   56 |           printf("%d", columna[n->sudo[i][j]]]);
      |                                              ^
      |                                              )
sudoku.c:56:46: error: expected ';' before ']' token
   56 |           printf("%d", columna[n->sudo[i][j]]]);
      |                                              ^
      |                                              ;
sudoku.c:56:46: error: expected statement before ']' token
sudoku.c:56:47: error: expected statement before ')' token
   56 |           printf("%d", columna[n->sudo[i][j]]]);
      |                                               ^
Compilation failed
8663664
Fri May 13 00:56:44 HSP 2022: 
 sudoku.c | 2 +-
 1 file changed, 1 insertion(+), 1 deletion(-)
 tests:  0|5
total_score: 0/70
8145ee8
Fri May 13 00:57:42 HSP 2022: 
 sudoku.c | 2 +-
 1 file changed, 1 insertion(+), 1 deletion(-)
 tests:  0|5
total_score: 0/70
0c8c272
Fri May 13 01:09:37 HSP 2022: 
 sudoku.c | 3 ++-
 1 file changed, 2 insertions(+), 1 deletion(-)
 tests:  0|5
total_score: 0/70
98f455c
Fri May 13 01:19:56 HSP 2022: 
 sudoku.c | 4 +++-
 1 file changed, 3 insertions(+), 1 deletion(-)
 tests:  0|5
total_score: 0/70
bb1fb7a
Fri May 13 01:20:55 HSP 2022: 
 sudoku.c | 2 +-
 1 file changed, 1 insertion(+), 1 deletion(-)
 tests:  0|5
total_score: 0/70
268bbcc
Fri May 13 01:21:53 HSP 2022: 
 sudoku.c | 1 -
 1 file changed, 1 deletion(-)
 tests:  0|5
total_score: 0/70
437a29b
Fri May 13 03:47:04 HSP 2022: 
 sudoku.c | 6 ++++--
 1 file changed, 4 insertions(+), 2 deletions(-)
 tests:  0|5
total_score: 0/70
99209a2
Fri May 13 03:50:42 HSP 2022: 
 sudoku.c | 2 +-
 1 file changed, 1 insertion(+), 1 deletion(-)
 tests:  0|5
total_score: 0/70
63409a5
Fri May 13 03:55:56 HSP 2022: 
 sudoku.c | 9 +++++++--
 1 file changed, 7 insertions(+), 2 deletions(-)
 tests:  0|5
total_score: 0/70
67adb0c
Fri May 13 04:02:08 HSP 2022: 
 sudoku.c | 17 +++++++----------
 1 file changed, 7 insertions(+), 10 deletions(-)
 tests:  0|5
total_score: 0/70
21d44db
Fri May 13 04:02:54 HSP 2022: 
 sudoku.c | 4 ++--
 1 file changed, 2 insertions(+), 2 deletions(-)
 tests:  0|5
total_score: 0/70
03ad22d
Fri May 13 04:10:04 HSP 2022: 
 sudoku.c | 1 +
 1 file changed, 1 insertion(+)
 tests:  0|5
total_score: 0/70
84a3905
Fri May 13 04:27:00 HSP 2022: 
 sudoku.c | 1 +
 1 file changed, 1 insertion(+)
 tests:  0|5
total_score: 0/70
f3bfd13
Fri May 13 04:28:46 HSP 2022: 
 sudoku.c | 2 +-
 1 file changed, 1 insertion(+), 1 deletion(-)
 tests:  0|5
total_score: 0/70
31d17d6
Fri May 13 21:26:45 HSP 2022: 
 sudoku.c | 2 +-
 1 file changed, 1 insertion(+), 1 deletion(-)
 tests:  0|5
total_score: 0/70
4421a29
Fri May 13 21:28:27 HSP 2022: 
 sudoku.c | 4 ++--
 1 file changed, 2 insertions(+), 2 deletions(-)
In file included from test.c:5:
sudoku.c: In function 'is_valid':
sudoku.c:71:7: error: expected expression before 'for'
   71 |     7*for(i=0;i<9;i+=3){
      |       ^~~
sudoku.c:50:15: error: unused variable 'l' [-Werror=unused-variable]
   50 |     int i,j,k,l;
      |               ^
sudoku.c:49:10: error: unused variable 'submatriz' [-Werror=unused-variable]
   49 |     int *submatriz;
      |          ^~~~~~~~~
sudoku.c:84:1: error: control reaches end of non-void function [-Werror=return-type]
   84 | }
      | ^
cc1.exe: all warnings being treated as errors
Compilation failed
34f4ad5
Fri May 13 21:28:53 HSP 2022: 
 sudoku.c | 4 ++--
 1 file changed, 2 insertions(+), 2 deletions(-)
In file included from test.c:5:
sudoku.c: In function 'is_valid':
sudoku.c:50:15: error: unused variable 'l' [-Werror=unused-variable]
   50 |     int i,j,k,l;
      |               ^
cc1.exe: all warnings being treated as errors
Compilation failed
3f98854
Fri May 13 21:29:03 HSP 2022: 
 sudoku.c | 2 +-
 1 file changed, 1 insertion(+), 1 deletion(-)
 tests:  3|4
total_score: 20/70
017a10b
Fri May 13 21:47:54 HSP 2022: 
 sudoku.c | 1 +
 1 file changed, 1 insertion(+)
 tests:  3|4
total_score: 20/70
0870425
Fri May 13 21:49:43 HSP 2022: 
 sudoku.c | 3 +--
 1 file changed, 1 insertion(+), 2 deletions(-)
 tests:  3|4
total_score: 20/70
d4988a1
Fri May 13 21:53:44 HSP 2022: 
 sudoku.c | 2 +-
 1 file changed, 1 insertion(+), 1 deletion(-)
In file included from test.c:5:
test.c: In function 'get_adj_nodes':
sudoku.c:92:22: error: 'k' may be used uninitialized in this function [-Werror=maybe-uninitialized]
   92 |         if(n->sudo[i][k]==0){
      |            ~~~~~~~~~~^~~
cc1.exe: all warnings being treated as errors
Compilation failed
61053b1
Fri May 13 21:54:04 HSP 2022: 
 sudoku.c | 4 ++--
 1 file changed, 2 insertions(+), 2 deletions(-)
 tests:  3|4
total_score: 20/70
8fa4cd9
Fri May 13 21:54:29 HSP 2022: 
 sudoku.c | 2 +-
 1 file changed, 1 insertion(+), 1 deletion(-)
 tests:  0|0
e9b9cd9
Fri May 13 22:09:16 HSP 2022: 
 sudoku.c | 13 +++++++------
 1 file changed, 7 insertions(+), 6 deletions(-)
 tests:  0|5
total_score: 0/70
dfdd0b6
Fri May 13 22:11:49 HSP 2022: 
 sudoku.c | 1 -
 1 file changed, 1 deletion(-)
 tests:  0|5
total_score: 0/70
ddad0c1
Fri May 13 22:12:53 HSP 2022: 
 sudoku.c | 1 +
 1 file changed, 1 insertion(+)
 tests:  0|5
total_score: 0/70
4e57d3a
Fri May 13 22:24:14 HSP 2022: 
 sudoku.c | 2 +-
 1 file changed, 1 insertion(+), 1 deletion(-)
 tests:  0|5
total_score: 0/70
c2c1a1c
Fri May 13 22:25:58 HSP 2022: 
 sudoku.c | 2 +-
 1 file changed, 1 insertion(+), 1 deletion(-)
 tests:  0|5
total_score: 0/70
e12b044
Fri May 13 22:26:51 HSP 2022: 
 sudoku.c | 2 +-
 1 file changed, 1 insertion(+), 1 deletion(-)
 tests:  0|5
total_score: 0/70
585184e
Fri May 13 22:40:28 HSP 2022: 
 sudoku.c | 2 +-
 1 file changed, 1 insertion(+), 1 deletion(-)
 tests:  0|5
total_score: 0/70
9f30b22
Fri May 13 22:41:18 HSP 2022: 
 sudoku.c | 1 +
 1 file changed, 1 insertion(+)
 tests:  0|5
total_score: 0/70
bbaa180
Fri May 13 23:26:51 HSP 2022: 
 sudoku.c | 9 +++------
 1 file changed, 3 insertions(+), 6 deletions(-)
 tests:  0|5
total_score: 0/70
162cd4f
Fri May 13 23:28:30 HSP 2022: 
 sudoku.c | 2 +-
 1 file changed, 1 insertion(+), 1 deletion(-)
 tests:  0|5
total_score: 0/70
e2ac4b4
Fri May 13 23:30:30 HSP 2022: 
 sudoku.c | 3 +++
 1 file changed, 3 insertions(+)
 tests:  0|5
total_score: 0/70
9f73451
Fri May 13 23:33:32 HSP 2022: 
 sudoku.c | 1 +
 1 file changed, 1 insertion(+)
 tests:  0|5
total_score: 0/70
307a6dd
Sat May 14 00:56:31 HSP 2022: 
 sudoku.c | 7 ++++---
 1 file changed, 4 insertions(+), 3 deletions(-)
In file included from test.c:5:
sudoku.c: In function 'is_valid':
sudoku.c:50:17: error: unused variable 's' [-Werror=unused-variable]
   50 |     int i,j,k,l,s;
      |                 ^
sudoku.c:50:15: error: unused variable 'l' [-Werror=unused-variable]
   50 |     int i,j,k,l,s;
      |               ^
sudoku.c:49:10: error: unused variable 'submatriz' [-Werror=unused-variable]
   49 |     int *submatriz;
      |          ^~~~~~~~~
cc1.exe: all warnings being treated as errors
Compilation failed
eaf796e
Sat May 14 00:56:55 HSP 2022: 
 sudoku.c | 4 ++--
 1 file changed, 2 insertions(+), 2 deletions(-)
 tests:  5|3
total_score: 35/70
c32ac3d
Sat May 14 03:52:21 HSP 2022: 
 sudoku.c | 24 ++++++++++++------------
 1 file changed, 12 insertions(+), 12 deletions(-)
In file included from test.c:5:
sudoku.c: In function 'is_valid':
sudoku.c:72:20: error: statement with no effect [-Werror=unused-value]
   72 |       for(j=0;j<9;j+3){
      |                   ~^~
cc1.exe: all warnings being treated as errors
Compilation failed
ce69c89
Sat May 14 03:52:38 HSP 2022: 
 sudoku.c | 2 +-
 1 file changed, 1 insertion(+), 1 deletion(-)
 tests:  0|5
total_score: 0/70
2d7f38d
Sat May 14 03:55:25 HSP 2022: 
 sudoku.c | 2 +-
 1 file changed, 1 insertion(+), 1 deletion(-)
 tests:  6|2
total_score: 45/70
2af32bb
Sat May 14 03:56:53 HSP 2022: 
 sudoku.c | 8 ++++----
 1 file changed, 4 insertions(+), 4 deletions(-)
In file included from test.c:5:
sudoku.c: In function 'is_valid':
sudoku.c:48:10: error: variable 'columna' set but not used [-Werror=unused-but-set-variable]
   48 |     int *columna;
      |          ^~~~~~~
sudoku.c:47:10: error: variable 'fila' set but not used [-Werror=unused-but-set-variable]
   47 |     int *fila;
      |          ^~~~
sudoku.c:55:23: error: 'submatriz' may be used uninitialized in this function [-Werror=maybe-uninitialized]
   55 |           if(submatriz[k-1]==k && submatriz[k-1]!=0) return 0;
      |                       ^
cc1.exe: all warnings being treated as errors
Compilation failed
9c6e244
Sat May 14 03:57:30 HSP 2022: 
 sudoku.c | 8 ++++----
 1 file changed, 4 insertions(+), 4 deletions(-)
In file included from test.c:5:
test.c: In function 'is_valid':
sudoku.c:55:42: error: 'submatriz' may be used uninitialized in this function [-Werror=maybe-uninitialized]
   55 |           if(columna[k-1]==k && submatriz[k-1]!=0) return 0;
      |                                          ^
cc1.exe: all warnings being treated as errors
Compilation failed
28df499
Sat May 14 03:57:52 HSP 2022: 
 sudoku.c | 4 ++--
 1 file changed, 2 insertions(+), 2 deletions(-)
 tests:  6|2
total_score: 45/70
82be365
Sat May 14 04:07:16 HSP 2022: 
 sudoku.c | 8 +++++++-
 1 file changed, 7 insertions(+), 1 deletion(-)
 tests:  7|1
total_score: 55/70
1128624
Sun May 15 06:13:15 HSP 2022: 
 sudoku.c | 13 +++++++++++++
 1 file changed, 13 insertions(+)
In file included from test.c:5:
sudoku.c: In function 'DFS':
sudoku.c:128:10: error: implicit declaration of function 'size'; did you mean '_msize'? [-Werror=implicit-function-declaration]
  128 |   while (size(S) != 0){
      |          ^~~~
      |          _msize
cc1.exe: all warnings being treated as errors
Compilation failed
ea64c33
Sun May 15 06:13:44 HSP 2022: 
 sudoku.c | 2 +-
 1 file changed, 1 insertion(+), 1 deletion(-)
 tests:  0|0
fea1123
Sun May 15 06:17:10 HSP 2022: 
 sudoku.c | 2 +-
 1 file changed, 1 insertion(+), 1 deletion(-)
 tests:  8|1
total_score: 60/70
3da1bd2
Sun May 15 06:20:15 HSP 2022: 
 sudoku.c | 2 +-
 1 file changed, 1 insertion(+), 1 deletion(-)
 tests:  8|1
total_score: 60/70
ea8e0f9
Sun May 15 06:22:38 HSP 2022: 
 sudoku.c | 4 ++--
 1 file changed, 2 insertions(+), 2 deletions(-)
 tests:  7|1
total_score: 55/70
6e1f5b7
Sun May 15 06:24:52 HSP 2022: 
 sudoku.c | 6 +++---
 1 file changed, 3 insertions(+), 3 deletions(-)
 tests:  8|1
total_score: 60/70
ff1549e
Sun May 15 06:30:45 HSP 2022: 
 sudoku.c | 16 ++++------------
 1 file changed, 4 insertions(+), 12 deletions(-)
 tests:  8|1
total_score: 60/70
91e501c
Sun May 15 06:32:54 HSP 2022: 
 sudoku.c | 4 +---
 1 file changed, 1 insertion(+), 3 deletions(-)
 tests:  8|1
total_score: 60/70
dd770f7
Sun May 15 06:33:57 HSP 2022: 
 sudoku.c | 1 -
 1 file changed, 1 deletion(-)
 tests:  8|1
total_score: 60/70
1c3cf75
Sun May 15 06:35:58 HSP 2022: 
 sudoku.c | 2 ++
 1 file changed, 2 insertions(+)
In file included from test.c:5:
sudoku.c: In function 'DFS':
sudoku.c:129:12: error: format '%d' expects argument of type 'int', but argument 2 has type 'int *' [-Werror=format=]
  129 |   printf("%d", cont);
      |           ~^   ~~~~
      |            |   |
      |            int int *
      |           %n
sudoku.c:129:12: error: format '%d' expects argument of type 'int', but argument 2 has type 'int *' [-Werror=format=]
  129 |   printf("%d", cont);
      |           ~^   ~~~~
      |            |   |
      |            int int *
      |           %n
cc1.exe: all warnings being treated as errors
Compilation failed
e843170
Sun May 15 06:36:50 HSP 2022: 
 sudoku.c | 2 +-
 1 file changed, 1 insertion(+), 1 deletion(-)
In file included from test.c:5:
sudoku.c: In function 'DFS':
sudoku.c:129:12: error: format '%i' expects argument of type 'int', but argument 2 has type 'int *' [-Werror=format=]
  129 |   printf("%i", cont);
      |           ~^   ~~~~
      |            |   |
      |            int int *
      |           %n
sudoku.c:129:12: error: format '%i' expects argument of type 'int', but argument 2 has type 'int *' [-Werror=format=]
  129 |   printf("%i", cont);
      |           ~^   ~~~~
      |            |   |
      |            int int *
      |           %n
cc1.exe: all warnings being treated as errors
Compilation failed
491986e
Sun May 15 06:37:24 HSP 2022: 
 sudoku.c | 4 ++--
 1 file changed, 2 insertions(+), 2 deletions(-)
In file included from test.c:5:
sudoku.c: In function 'DFS':
sudoku.c:126:9: error: value computed is not used [-Werror=unused-value]
  126 |         *cont++;
      |         ^~~~~~~
cc1.exe: all warnings being treated as errors
Compilation failed
55cc093
Sun May 15 06:38:37 HSP 2022: 
 sudoku.c | 2 +-
 1 file changed, 1 insertion(+), 1 deletion(-)
 tests:  8|1
total_score: 60/70
3494a55
